This file contains any messages produced by compilers while
running configure, to aid debugging if configure makes a mistake.

It was created by libtimer configure 1.00, which was
generated by GNU Autoconf 2.63.  Invocation command line was

  $ ./configure --prefix=/home/msakamoto/test/pointer/dgemm_jyam45/timer/../

## --------- ##
## Platform. ##
## --------- ##

hostname = oai02-gnb
uname -m = x86_64
uname -r = 6.8.0-50-generic
uname -s = Linux
uname -v = #51~22.04.1-Ubuntu SMP PREEMPT_DYNAMIC Thu Nov 21 12:03:03 UTC 2

/usr/bin/uname -p = x86_64
/bin/uname -X     = unknown

/bin/arch              = x86_64
/usr/bin/arch -k       = unknown
/usr/convex/getsysinfo = unknown
/usr/bin/hostinfo      = unknown
/bin/machine           = unknown
/usr/bin/oslevel       = unknown
/bin/universe          = unknown

PATH: /home/msakamoto/.vscode/extensions/ms-python.python-2025.0.0-linux-x64/python_files/deactivate/bash
PATH: /home/msakamoto/.pyenv/versions/3.10.12/bin
PATH: /home/msakamoto/.pyenv/shims
PATH: /home/msakamoto/.pyenv/bin
PATH: /home/msakamoto/.local/bin
PATH: /home/msakamoto/.vscode/extensions/ms-python.python-2025.0.0-linux-x64/python_files/deactivate/bash
PATH: /home/msakamoto/.pyenv/versions/3.10.12/bin
PATH: /home/msakamoto/.local/bin
PATH: /home/msakamoto/miniconda3/condabin
PATH: /home/msakamoto/.pyenv/bin
PATH: /home/msakamoto/.local/bin
PATH: /home/msakamoto/.cargo/bin
PATH: /home/msakamoto/.juliaup/bin
PATH: /home/msakamoto/.local/bin
PATH: /usr/local/sbin
PATH: /usr/local/bin
PATH: /usr/sbin
PATH: /usr/bin
PATH: /sbin
PATH: /bin
PATH: /usr/games
PATH: /usr/local/games
PATH: /snap/bin
PATH: /snap/bin
PATH: /home/msakamoto/.cabal/bin
PATH: /home/msakamoto/.ghcup/bin
PATH: /home/msakamoto/.pyenv/bin
PATH: /usr/local/cuda-12.4/bin
PATH: /home/msakamoto/.pyenv/bin
PATH: /usr/local/cuda-12.4/bin


## ----------- ##
## Core tests. ##
## ----------- ##

configure:1880: checking for a BSD-compatible install
configure:1948: result: /usr/bin/install -c
configure:1959: checking whether build environment is sane
configure:2019: result: yes
configure:2160: checking for a thread-safe mkdir -p
configure:2199: result: /usr/bin/mkdir -p
configure:2212: checking for gawk
configure:2242: result: no
configure:2212: checking for mawk
configure:2228: found /usr/bin/mawk
configure:2239: result: mawk
configure:2250: checking whether make sets $(MAKE)
configure:2272: result: yes
configure:2407: checking for gcc
configure:2423: found /usr/bin/gcc
configure:2434: result: gcc
configure:2666: checking for C compiler version
configure:2674: gcc --version >&5
gcc (Ubuntu 10.5.0-1ubuntu1~22.04) 10.5.0
Copyright (C) 2020 Free Software Foundation, Inc.
This is free software; see the source for copying conditions.  There is NO
warranty; not even for MERCHANTABILITY or FITNESS FOR A PARTICULAR PURPOSE.

configure:2678: $? = 0
configure:2685: gcc -v >&5
Using built-in specs.
COLLECT_GCC=gcc
COLLECT_LTO_WRAPPER=/usr/lib/gcc/x86_64-linux-gnu/10/lto-wrapper
Target: x86_64-linux-gnu
Configured with: ../src/configure -v --with-pkgversion='Ubuntu 10.5.0-1ubuntu1~22.04' --with-bugurl=file:///usr/share/doc/gcc-10/README.Bugs --enable-languages=c,ada,c++,go,brig,d,fortran,objc,obj-c++,m2 --prefix=/usr --with-gcc-major-version-only --program-suffix=-10 --program-prefix=x86_64-linux-gnu- --enable-shared --enable-linker-build-id --libexecdir=/usr/lib --without-included-gettext --enable-threads=posix --libdir=/usr/lib --enable-nls --enable-bootstrap --enable-clocale=gnu --enable-libstdcxx-debug --enable-libstdcxx-time=yes --with-default-libstdcxx-abi=new --enable-gnu-unique-object --disable-vtable-verify --enable-plugin --enable-default-pie --with-system-zlib --enable-libphobos-checking=release --with-target-system-zlib=auto --enable-objc-gc=auto --enable-multiarch --disable-werror --with-arch-32=i686 --with-abi=m64 --with-multilib-list=m32,m64,mx32 --enable-multilib --with-tune=generic --enable-offload-targets=hsa --without-cuda-driver --enable-checking=release --build=x86_64-linux-gnu --host=x86_64-linux-gnu --target=x86_64-linux-gnu --with-build-config=bootstrap-lto-lean --enable-link-mutex
Thread model: posix
Supported LTO compression algorithms: zlib zstd
gcc version 10.5.0 (Ubuntu 10.5.0-1ubuntu1~22.04) 
configure:2689: $? = 0
configure:2696: gcc -V >&5
gcc: error: unrecognized command-line option '-V'
gcc: fatal error: no input files
compilation terminated.
configure:2700: $? = 1
configure:2723: checking for C compiler default output file name
configure:2745: gcc    conftest.c  >&5
configure:2749: $? = 0
configure:2787: result: a.out
configure:2806: checking whether the C compiler works
configure:2816: ./a.out
configure:2820: $? = 0
configure:2839: result: yes
configure:2846: checking whether we are cross compiling
configure:2848: result: no
configure:2851: checking for suffix of executables
configure:2858: gcc -o conftest    conftest.c  >&5
configure:2862: $? = 0
configure:2888: result: 
configure:2894: checking for suffix of object files
configure:2920: gcc -c   conftest.c >&5
configure:2924: $? = 0
configure:2949: result: o
configure:2953: checking whether we are using the GNU C compiler
configure:2982: gcc -c   conftest.c >&5
configure:2989: $? = 0
configure:3006: result: yes
configure:3015: checking whether gcc accepts -g
configure:3045: gcc -c -g  conftest.c >&5
configure:3052: $? = 0
configure:3153: result: yes
configure:3170: checking for gcc option to accept ISO C89
configure:3244: gcc  -c -g -O2  conftest.c >&5
configure:3251: $? = 0
configure:3274: result: none needed
configure:3303: checking for style of include used by make
configure:3331: result: GNU
configure:3356: checking dependency style of gcc
configure:3466: result: gcc3
configure:3534: checking for gfortran
configure:3550: found /usr/bin/gfortran
configure:3561: result: gfortran
configure:3587: checking for Fortran compiler version
configure:3595: gfortran --version >&5
GNU Fortran (Ubuntu 11.4.0-1ubuntu1~22.04) 11.4.0
Copyright (C) 2021 Free Software Foundation, Inc.
This is free software; see the source for copying conditions.  There is NO
warranty; not even for MERCHANTABILITY or FITNESS FOR A PARTICULAR PURPOSE.

configure:3599: $? = 0
configure:3606: gfortran -v >&5
Using built-in specs.
COLLECT_GCC=gfortran
COLLECT_LTO_WRAPPER=/usr/lib/gcc/x86_64-linux-gnu/11/lto-wrapper
OFFLOAD_TARGET_NAMES=nvptx-none:amdgcn-amdhsa
OFFLOAD_TARGET_DEFAULT=1
Target: x86_64-linux-gnu
Configured with: ../src/configure -v --with-pkgversion='Ubuntu 11.4.0-1ubuntu1~22.04' --with-bugurl=file:///usr/share/doc/gcc-11/README.Bugs --enable-languages=c,ada,c++,go,brig,d,fortran,objc,obj-c++,m2 --prefix=/usr --with-gcc-major-version-only --program-suffix=-11 --program-prefix=x86_64-linux-gnu- --enable-shared --enable-linker-build-id --libexecdir=/usr/lib --without-included-gettext --enable-threads=posix --libdir=/usr/lib --enable-nls --enable-bootstrap --enable-clocale=gnu --enable-libstdcxx-debug --enable-libstdcxx-time=yes --with-default-libstdcxx-abi=new --enable-gnu-unique-object --disable-vtable-verify --enable-plugin --enable-default-pie --with-system-zlib --enable-libphobos-checking=release --with-target-system-zlib=auto --enable-objc-gc=auto --enable-multiarch --disable-werror --enable-cet --with-arch-32=i686 --with-abi=m64 --with-multilib-list=m32,m64,mx32 --enable-multilib --with-tune=generic --enable-offload-targets=nvptx-none=/build/gcc-11-XeT9lY/gcc-11-11.4.0/debian/tmp-nvptx/usr,amdgcn-amdhsa=/build/gcc-11-XeT9lY/gcc-11-11.4.0/debian/tmp-gcn/usr --without-cuda-driver --enable-checking=release --build=x86_64-linux-gnu --host=x86_64-linux-gnu --target=x86_64-linux-gnu --with-build-config=bootstrap-lto-lean --enable-link-serialization=2
Thread model: posix
Supported LTO compression algorithms: zlib zstd
gcc version 11.4.0 (Ubuntu 11.4.0-1ubuntu1~22.04) 
configure:3610: $? = 0
configure:3617: gfortran -V >&5
gfortran: error: unrecognized command-line option '-V'
gfortran: fatal error: no input files
compilation terminated.
configure:3621: $? = 1
configure:3629: checking whether we are using the GNU Fortran compiler
configure:3648: gfortran -c   conftest.F >&5
configure:3655: $? = 0
configure:3672: result: yes
configure:3678: checking whether gfortran accepts -g
configure:3695: gfortran -c -g  conftest.f >&5
configure:3702: $? = 0
configure:3718: result: yes
configure:3785: checking for ranlib
configure:3801: found /usr/bin/ranlib
configure:3812: result: ranlib
configure:3839: checking how to get verbose linking output from gfortran
configure:3855: gfortran -c -g -O2  conftest.f >&5
configure:3862: $? = 0
configure:3884: gfortran -o conftest -g -O2 -v conftest.f
Using built-in specs.
Target: x86_64-linux-gnu
Configured with: ../src/configure -v --with-pkgversion='Ubuntu 11.4.0-1ubuntu1~22.04' --with-bugurl=file:///usr/share/doc/gcc-11/README.Bugs --enable-languages=c,ada,c++,go,brig,d,fortran,objc,obj-c++,m2 --prefix=/usr --with-gcc-major-version-only --program-suffix=-11 --program-prefix=x86_64-linux-gnu- --enable-shared --enable-linker-build-id --libexecdir=/usr/lib --without-included-gettext --enable-threads=posix --libdir=/usr/lib --enable-nls --enable-bootstrap --enable-clocale=gnu --enable-libstdcxx-debug --enable-libstdcxx-time=yes --with-default-libstdcxx-abi=new --enable-gnu-unique-object --disable-vtable-verify --enable-plugin --enable-default-pie --with-system-zlib --enable-libphobos-checking=release --with-target-system-zlib=auto --enable-objc-gc=auto --enable-multiarch --disable-werror --enable-cet --with-arch-32=i686 --with-abi=m64 --with-multilib-list=m32,m64,mx32 --enable-multilib --with-tune=generic --enable-offload-targets=nvptx-none=/build/gcc-11-XeT9lY/gcc-11-11.4.0/debian/tmp-nvptx/usr,amdgcn-amdhsa=/build/gcc-11-XeT9lY/gcc-11-11.4.0/debian/tmp-gcn/usr --without-cuda-driver --enable-checking=release --build=x86_64-linux-gnu --host=x86_64-linux-gnu --target=x86_64-linux-gnu --with-build-config=bootstrap-lto-lean --enable-link-serialization=2
Thread model: posix
Supported LTO compression algorithms: zlib zstd
gcc version 11.4.0 (Ubuntu 11.4.0-1ubuntu1~22.04) 
 /usr/lib/gcc/x86_64-linux-gnu/11/f951 conftest.f -ffixed-form -quiet -dumpbase conftest.f -dumpbase-ext .f -mtune=generic -march=x86-64 -g -O2 -version -fintrinsic-modules-path /usr/lib/gcc/x86_64-linux-gnu/11/finclude -fpre-include=/usr/include/finclude/math-vector-fortran.h -o /tmp/ccUExFmm.s
GNU Fortran (Ubuntu 11.4.0-1ubuntu1~22.04) version 11.4.0 (x86_64-linux-gnu)
	compiled by GNU C version 11.4.0, GMP version 6.2.1, MPFR version 4.1.0, MPC version 1.2.1, isl version isl-0.24-GMP

GGC heuristics: --param ggc-min-expand=100 --param ggc-min-heapsize=131072
GNU Fortran2008 (Ubuntu 11.4.0-1ubuntu1~22.04) version 11.4.0 (x86_64-linux-gnu)
	compiled by GNU C version 11.4.0, GMP version 6.2.1, MPFR version 4.1.0, MPC version 1.2.1, isl version isl-0.24-GMP

GGC heuristics: --param ggc-min-expand=100 --param ggc-min-heapsize=131072
 as -v --gdwarf-5 --64 -o /tmp/cccxnHiN.o /tmp/ccUExFmm.s
GNU assembler version 2.38 (x86_64-linux-gnu) using BFD version (GNU Binutils for Ubuntu) 2.38
Reading specs from /usr/lib/gcc/x86_64-linux-gnu/11/libgfortran.spec
rename spec lib to liborig
 /usr/lib/gcc/x86_64-linux-gnu/11/collect2 -plugin /usr/lib/gcc/x86_64-linux-gnu/11/liblto_plugin.so -plugin-opt=/usr/lib/gcc/x86_64-linux-gnu/11/lto-wrapper -plugin-opt=-fresolution=/tmp/ccGB1AtN.res -plugin-opt=-pass-through=-lgcc_s -plugin-opt=-pass-through=-lgcc -plugin-opt=-pass-through=-lquadmath -plugin-opt=-pass-through=-lm -plugin-opt=-pass-through=-lgcc_s -plugin-opt=-pass-through=-lgcc -plugin-opt=-pass-through=-lc -plugin-opt=-pass-through=-lgcc_s -plugin-opt=-pass-through=-lgcc --build-id --eh-frame-hdr -m elf_x86_64 --hash-style=gnu --as-needed -dynamic-linker /lib64/ld-linux-x86-64.so.2 -pie -z now -z relro -o conftest /usr/lib/gcc/x86_64-linux-gnu/11/../../../x86_64-linux-gnu/Scrt1.o /usr/lib/gcc/x86_64-linux-gnu/11/../../../x86_64-linux-gnu/crti.o /usr/lib/gcc/x86_64-linux-gnu/11/crtbeginS.o -L/usr/lib/gcc/x86_64-linux-gnu/11 -L/usr/lib/gcc/x86_64-linux-gnu/11/../../../x86_64-linux-gnu -L/usr/lib/gcc/x86_64-linux-gnu/11/../../../../lib -L/lib/x86_64-linux-gnu -L/lib/../lib -L/usr/lib/x86_64-linux-gnu -L/usr/lib/../lib -L/usr/lib/gcc/x86_64-linux-gnu/11/../../.. /tmp/cccxnHiN.o -lgfortran -lm -lgcc_s -lgcc -lquadmath -lm -lgcc_s -lgcc -lc -lgcc_s -lgcc /usr/lib/gcc/x86_64-linux-gnu/11/crtendS.o /usr/lib/gcc/x86_64-linux-gnu/11/../../../x86_64-linux-gnu/crtn.o
configure:3953: result: -v
configure:3955: checking for Fortran libraries of gfortran
configure:3978: gfortran -o conftest -g -O2 -v conftest.f
Using built-in specs.
Target: x86_64-linux-gnu
Configured with: ../src/configure -v --with-pkgversion='Ubuntu 11.4.0-1ubuntu1~22.04' --with-bugurl=file:///usr/share/doc/gcc-11/README.Bugs --enable-languages=c,ada,c++,go,brig,d,fortran,objc,obj-c++,m2 --prefix=/usr --with-gcc-major-version-only --program-suffix=-11 --program-prefix=x86_64-linux-gnu- --enable-shared --enable-linker-build-id --libexecdir=/usr/lib --without-included-gettext --enable-threads=posix --libdir=/usr/lib --enable-nls --enable-bootstrap --enable-clocale=gnu --enable-libstdcxx-debug --enable-libstdcxx-time=yes --with-default-libstdcxx-abi=new --enable-gnu-unique-object --disable-vtable-verify --enable-plugin --enable-default-pie --with-system-zlib --enable-libphobos-checking=release --with-target-system-zlib=auto --enable-objc-gc=auto --enable-multiarch --disable-werror --enable-cet --with-arch-32=i686 --with-abi=m64 --with-multilib-list=m32,m64,mx32 --enable-multilib --with-tune=generic --enable-offload-targets=nvptx-none=/build/gcc-11-XeT9lY/gcc-11-11.4.0/debian/tmp-nvptx/usr,amdgcn-amdhsa=/build/gcc-11-XeT9lY/gcc-11-11.4.0/debian/tmp-gcn/usr --without-cuda-driver --enable-checking=release --build=x86_64-linux-gnu --host=x86_64-linux-gnu --target=x86_64-linux-gnu --with-build-config=bootstrap-lto-lean --enable-link-serialization=2
Thread model: posix
Supported LTO compression algorithms: zlib zstd
gcc version 11.4.0 (Ubuntu 11.4.0-1ubuntu1~22.04) 
 /usr/lib/gcc/x86_64-linux-gnu/11/f951 conftest.f -ffixed-form -quiet -dumpbase conftest.f -dumpbase-ext .f -mtune=generic -march=x86-64 -g -O2 -version -fintrinsic-modules-path /usr/lib/gcc/x86_64-linux-gnu/11/finclude -fpre-include=/usr/include/finclude/math-vector-fortran.h -o /tmp/ccArX5u6.s
GNU Fortran (Ubuntu 11.4.0-1ubuntu1~22.04) version 11.4.0 (x86_64-linux-gnu)
	compiled by GNU C version 11.4.0, GMP version 6.2.1, MPFR version 4.1.0, MPC version 1.2.1, isl version isl-0.24-GMP

GGC heuristics: --param ggc-min-expand=100 --param ggc-min-heapsize=131072
GNU Fortran2008 (Ubuntu 11.4.0-1ubuntu1~22.04) version 11.4.0 (x86_64-linux-gnu)
	compiled by GNU C version 11.4.0, GMP version 6.2.1, MPFR version 4.1.0, MPC version 1.2.1, isl version isl-0.24-GMP

GGC heuristics: --param ggc-min-expand=100 --param ggc-min-heapsize=131072
 as -v --gdwarf-5 --64 -o /tmp/ccxdV8ot.o /tmp/ccArX5u6.s
GNU assembler version 2.38 (x86_64-linux-gnu) using BFD version (GNU Binutils for Ubuntu) 2.38
Reading specs from /usr/lib/gcc/x86_64-linux-gnu/11/libgfortran.spec
rename spec lib to liborig
 /usr/lib/gcc/x86_64-linux-gnu/11/collect2 -plugin /usr/lib/gcc/x86_64-linux-gnu/11/liblto_plugin.so -plugin-opt=/usr/lib/gcc/x86_64-linux-gnu/11/lto-wrapper -plugin-opt=-fresolution=/tmp/cc2DzOsD.res -plugin-opt=-pass-through=-lgcc_s -plugin-opt=-pass-through=-lgcc -plugin-opt=-pass-through=-lquadmath -plugin-opt=-pass-through=-lm -plugin-opt=-pass-through=-lgcc_s -plugin-opt=-pass-through=-lgcc -plugin-opt=-pass-through=-lc -plugin-opt=-pass-through=-lgcc_s -plugin-opt=-pass-through=-lgcc --build-id --eh-frame-hdr -m elf_x86_64 --hash-style=gnu --as-needed -dynamic-linker /lib64/ld-linux-x86-64.so.2 -pie -z now -z relro -o conftest /usr/lib/gcc/x86_64-linux-gnu/11/../../../x86_64-linux-gnu/Scrt1.o /usr/lib/gcc/x86_64-linux-gnu/11/../../../x86_64-linux-gnu/crti.o /usr/lib/gcc/x86_64-linux-gnu/11/crtbeginS.o -L/usr/lib/gcc/x86_64-linux-gnu/11 -L/usr/lib/gcc/x86_64-linux-gnu/11/../../../x86_64-linux-gnu -L/usr/lib/gcc/x86_64-linux-gnu/11/../../../../lib -L/lib/x86_64-linux-gnu -L/lib/../lib -L/usr/lib/x86_64-linux-gnu -L/usr/lib/../lib -L/usr/lib/gcc/x86_64-linux-gnu/11/../../.. /tmp/ccxdV8ot.o -lgfortran -lm -lgcc_s -lgcc -lquadmath -lm -lgcc_s -lgcc -lc -lgcc_s -lgcc /usr/lib/gcc/x86_64-linux-gnu/11/crtendS.o /usr/lib/gcc/x86_64-linux-gnu/11/../../../x86_64-linux-gnu/crtn.o
configure:4155: result:  -L/usr/lib/gcc/x86_64-linux-gnu/11 -L/usr/lib/gcc/x86_64-linux-gnu/11/../../../x86_64-linux-gnu -L/usr/lib/gcc/x86_64-linux-gnu/11/../../../../lib -L/lib/x86_64-linux-gnu -L/lib/../lib -L/usr/lib/x86_64-linux-gnu -L/usr/lib/../lib -L/usr/lib/gcc/x86_64-linux-gnu/11/../../.. -lgfortran -lm -lquadmath
configure:4172: checking for dummy main to link with Fortran libraries
configure:4216: gcc -o conftest -g -O2   conftest.c   -L/usr/lib/gcc/x86_64-linux-gnu/11 -L/usr/lib/gcc/x86_64-linux-gnu/11/../../../x86_64-linux-gnu -L/usr/lib/gcc/x86_64-linux-gnu/11/../../../../lib -L/lib/x86_64-linux-gnu -L/lib/../lib -L/usr/lib/x86_64-linux-gnu -L/usr/lib/../lib -L/usr/lib/gcc/x86_64-linux-gnu/11/../../.. -lgfortran -lm -lquadmath >&5
configure:4223: $? = 0
configure:4311: result: none
configure:4350: checking for Fortran name-mangling scheme
configure:4369: gfortran -c -g -O2  conftest.f >&5
configure:4376: $? = 0
configure:4431: gcc -o conftest -g -O2   conftest.c cfortran_test.o   -L/usr/lib/gcc/x86_64-linux-gnu/11 -L/usr/lib/gcc/x86_64-linux-gnu/11/../../../x86_64-linux-gnu -L/usr/lib/gcc/x86_64-linux-gnu/11/../../../../lib -L/lib/x86_64-linux-gnu -L/lib/../lib -L/usr/lib/x86_64-linux-gnu -L/usr/lib/../lib -L/usr/lib/gcc/x86_64-linux-gnu/11/../../.. -lgfortran -lm -lquadmath >&5
/usr/bin/ld: /tmp/ccR1I12S.o: in function `main':
/home/msakamoto/test/pointer/dgemm_jyam45/timer/libtimer-1.00/conftest.c:29: undefined reference to `foobar'
collect2: error: ld returned 1 exit status
configure:4438: $? = 1
configure: failed program was:
| /* confdefs.h.  */
| #define PACKAGE_NAME "libtimer"
| #define PACKAGE_TARNAME "libtimer"
| #define PACKAGE_VERSION "1.00"
| #define PACKAGE_STRING "libtimer 1.00"
| #define PACKAGE_BUGREPORT "J.Yamamoto.Tech@gmail.com"
| #define PACKAGE "libtimer"
| #define VERSION "1.00"
| /* end confdefs.h.  */
| 
| /* Override any GCC internal prototype to avoid an error.
|    Use char because int might match the return type of a GCC
|    builtin and then its argument prototype would still apply.  */
| #ifdef __cplusplus
| extern "C"
| #endif
| char foobar ();
| #ifdef FC_DUMMY_MAIN
| #ifndef FC_DUMMY_MAIN_EQ_F77
| #  ifdef __cplusplus
|      extern "C"
| #  endif
|    int FC_DUMMY_MAIN() { return 1; }
| #endif
| #endif
| int
| main ()
| {
| return foobar ();
|   ;
|   return 0;
| }
configure:4431: gcc -o conftest -g -O2   conftest.c cfortran_test.o   -L/usr/lib/gcc/x86_64-linux-gnu/11 -L/usr/lib/gcc/x86_64-linux-gnu/11/../../../x86_64-linux-gnu -L/usr/lib/gcc/x86_64-linux-gnu/11/../../../../lib -L/lib/x86_64-linux-gnu -L/lib/../lib -L/usr/lib/x86_64-linux-gnu -L/usr/lib/../lib -L/usr/lib/gcc/x86_64-linux-gnu/11/../../.. -lgfortran -lm -lquadmath >&5
configure:4438: $? = 0
configure:4520: gcc -o conftest -g -O2   conftest.c cfortran_test.o   -L/usr/lib/gcc/x86_64-linux-gnu/11 -L/usr/lib/gcc/x86_64-linux-gnu/11/../../../x86_64-linux-gnu -L/usr/lib/gcc/x86_64-linux-gnu/11/../../../../lib -L/lib/x86_64-linux-gnu -L/lib/../lib -L/usr/lib/x86_64-linux-gnu -L/usr/lib/../lib -L/usr/lib/gcc/x86_64-linux-gnu/11/../../.. -lgfortran -lm -lquadmath >&5
configure:4527: $? = 0
configure:4590: result: lower case, underscore, no extra underscore
configure:4693: checking for timer_gettime in -lrt
configure:4736: gcc -o conftest -g -O2   conftest.c -lrt   >&5
configure:4743: $? = 0
configure:4764: result: yes
configure:4782: checking how to run the C preprocessor
configure:4822: gcc -E  conftest.c
configure:4829: $? = 0
configure:4860: gcc -E  conftest.c
conftest.c:13:10: fatal error: ac_nonexistent.h: No such file or directory
   13 | #include <ac_nonexistent.h>
      |          ^~~~~~~~~~~~~~~~~~
compilation terminated.
configure:4867: $? = 1
configure: failed program was:
| /* confdefs.h.  */
| #define PACKAGE_NAME "libtimer"
| #define PACKAGE_TARNAME "libtimer"
| #define PACKAGE_VERSION "1.00"
| #define PACKAGE_STRING "libtimer 1.00"
| #define PACKAGE_BUGREPORT "J.Yamamoto.Tech@gmail.com"
| #define PACKAGE "libtimer"
| #define VERSION "1.00"
| #define FC_FUNC(name,NAME) name ## _
| #define FC_FUNC_(name,NAME) name ## _
| #define HAVE_LIBRT 1
| /* end confdefs.h.  */
| #include <ac_nonexistent.h>
configure:4900: result: gcc -E
configure:4929: gcc -E  conftest.c
configure:4936: $? = 0
configure:4967: gcc -E  conftest.c
conftest.c:13:10: fatal error: ac_nonexistent.h: No such file or directory
   13 | #include <ac_nonexistent.h>
      |          ^~~~~~~~~~~~~~~~~~
compilation terminated.
configure:4974: $? = 1
configure: failed program was:
| /* confdefs.h.  */
| #define PACKAGE_NAME "libtimer"
| #define PACKAGE_TARNAME "libtimer"
| #define PACKAGE_VERSION "1.00"
| #define PACKAGE_STRING "libtimer 1.00"
| #define PACKAGE_BUGREPORT "J.Yamamoto.Tech@gmail.com"
| #define PACKAGE "libtimer"
| #define VERSION "1.00"
| #define FC_FUNC(name,NAME) name ## _
| #define FC_FUNC_(name,NAME) name ## _
| #define HAVE_LIBRT 1
| /* end confdefs.h.  */
| #include <ac_nonexistent.h>
configure:5014: checking for grep that handles long lines and -e
configure:5074: result: /usr/bin/grep
configure:5079: checking for egrep
configure:5143: result: /usr/bin/grep -E
configure:5148: checking for ANSI C header files
configure:5186: gcc -c -g -O2  conftest.c >&5
configure:5193: $? = 0
configure:5292: gcc -o conftest -g -O2   conftest.c -lrt  >&5
configure:5296: $? = 0
configure:5302: ./conftest
configure:5306: $? = 0
configure:5324: result: yes
configure:5348: checking for sys/types.h
configure:5369: gcc -c -g -O2  conftest.c >&5
configure:5376: $? = 0
configure:5393: result: yes
configure:5348: checking for sys/stat.h
configure:5369: gcc -c -g -O2  conftest.c >&5
configure:5376: $? = 0
configure:5393: result: yes
configure:5348: checking for stdlib.h
configure:5369: gcc -c -g -O2  conftest.c >&5
configure:5376: $? = 0
configure:5393: result: yes
configure:5348: checking for string.h
configure:5369: gcc -c -g -O2  conftest.c >&5
configure:5376: $? = 0
configure:5393: result: yes
configure:5348: checking for memory.h
configure:5369: gcc -c -g -O2  conftest.c >&5
configure:5376: $? = 0
configure:5393: result: yes
configure:5348: checking for strings.h
configure:5369: gcc -c -g -O2  conftest.c >&5
configure:5376: $? = 0
configure:5393: result: yes
configure:5348: checking for inttypes.h
configure:5369: gcc -c -g -O2  conftest.c >&5
configure:5376: $? = 0
configure:5393: result: yes
configure:5348: checking for stdint.h
configure:5369: gcc -c -g -O2  conftest.c >&5
configure:5376: $? = 0
configure:5393: result: yes
configure:5348: checking for unistd.h
configure:5369: gcc -c -g -O2  conftest.c >&5
configure:5376: $? = 0
configure:5393: result: yes
configure:5424: checking sys/resource.h usability
configure:5441: gcc -c -g -O2  conftest.c >&5
configure:5448: $? = 0
configure:5462: result: yes
configure:5466: checking sys/resource.h presence
configure:5481: gcc -E  conftest.c
configure:5488: $? = 0
configure:5502: result: yes
configure:5535: checking for sys/resource.h
configure:5544: result: yes
configure:5413: checking for unistd.h
configure:5420: result: yes
configure:5575: checking time.h usability
configure:5592: gcc -c -g -O2  conftest.c >&5
configure:5599: $? = 0
configure:5613: result: yes
configure:5617: checking time.h presence
configure:5632: gcc -E  conftest.c
configure:5639: $? = 0
configure:5653: result: yes
configure:5686: checking for time.h
configure:5695: result: yes
configure:5714: checking for sys/time.h
configure:5738: gcc -c -g -O2  conftest.c >&5
configure:5745: $? = 0
configure:5762: result: yes
configure:5779: checking for linux/time.h
configure:5806: gcc -c -g -O2  conftest.c >&5
In file included from conftest.c:35:
/usr/include/linux/time.h:16:8: error: redefinition of 'struct timeval'
   16 | struct timeval {
      |        ^~~~~~~
In file included from /usr/include/x86_64-linux-gnu/sys/time.h:25,
                 from conftest.c:31:
/usr/include/x86_64-linux-gnu/bits/types/struct_timeval.h:8:8: note: originally defined here
    8 | struct timeval
      |        ^~~~~~~
In file included from conftest.c:35:
/usr/include/linux/time.h:21:8: error: redefinition of 'struct itimerspec'
   21 | struct itimerspec {
      |        ^~~~~~~~~~
In file included from /usr/include/time.h:48,
                 from conftest.c:28:
/usr/include/x86_64-linux-gnu/bits/types/struct_itimerspec.h:8:8: note: originally defined here
    8 | struct itimerspec
      |        ^~~~~~~~~~
In file included from conftest.c:35:
/usr/include/linux/time.h:26:8: error: redefinition of 'struct itimerval'
   26 | struct itimerval {
      |        ^~~~~~~~~
In file included from conftest.c:31:
/usr/include/x86_64-linux-gnu/sys/time.h:130:8: note: originally defined here
  130 | struct itimerval
      |        ^~~~~~~~~
In file included from conftest.c:35:
/usr/include/linux/time.h:31:8: error: redefinition of 'struct timezone'
   31 | struct timezone {
      |        ^~~~~~~~
In file included from conftest.c:31:
/usr/include/x86_64-linux-gnu/sys/time.h:52:8: note: originally defined here
   52 | struct timezone
      |        ^~~~~~~~
configure:5813: $? = 1
configure: failed program was:
| /* confdefs.h.  */
| #define PACKAGE_NAME "libtimer"
| #define PACKAGE_TARNAME "libtimer"
| #define PACKAGE_VERSION "1.00"
| #define PACKAGE_STRING "libtimer 1.00"
| #define PACKAGE_BUGREPORT "J.Yamamoto.Tech@gmail.com"
| #define PACKAGE "libtimer"
| #define VERSION "1.00"
| #define FC_FUNC(name,NAME) name ## _
| #define FC_FUNC_(name,NAME) name ## _
| #define HAVE_LIBRT 1
| #define STDC_HEADERS 1
| #define HAVE_SYS_TYPES_H 1
| #define HAVE_SYS_STAT_H 1
| #define HAVE_STDLIB_H 1
| #define HAVE_STRING_H 1
| #define HAVE_MEMORY_H 1
| #define HAVE_STRINGS_H 1
| #define HAVE_INTTYPES_H 1
| #define HAVE_STDINT_H 1
| #define HAVE_UNISTD_H 1
| #define HAVE_SYS_RESOURCE_H 1
| #define HAVE_UNISTD_H 1
| #define HAVE_TIME_H 1
| #define HAVE_SYS_TIME_H 1
| /* end confdefs.h.  */
| #ifdef HAVE_TIME_H
|                 #include <time.h>
|                 #endif
|                 #ifdef HAVE_SYS_TIME_H
|                 #include <sys/time.h>
|                 #endif
| 
| 
| #include <linux/time.h>
configure:5830: result: no
configure:5859: checking sys/times.h usability
configure:5876: gcc -c -g -O2  conftest.c >&5
configure:5883: $? = 0
configure:5897: result: yes
configure:5901: checking sys/times.h presence
configure:5916: gcc -E  conftest.c
configure:5923: $? = 0
configure:5937: result: yes
configure:5970: checking for sys/times.h
configure:5979: result: yes
configure:5998: checking for linux/times.h
configure:6022: gcc -c -g -O2  conftest.c >&5
In file included from conftest.c:33:
/usr/include/linux/times.h:7:8: error: redefinition of 'struct tms'
    7 | struct tms {
      |        ^~~
In file included from conftest.c:29:
/usr/include/x86_64-linux-gnu/sys/times.h:32:8: note: originally defined here
   32 | struct tms
      |        ^~~
configure:6029: $? = 1
configure: failed program was:
| /* confdefs.h.  */
| #define PACKAGE_NAME "libtimer"
| #define PACKAGE_TARNAME "libtimer"
| #define PACKAGE_VERSION "1.00"
| #define PACKAGE_STRING "libtimer 1.00"
| #define PACKAGE_BUGREPORT "J.Yamamoto.Tech@gmail.com"
| #define PACKAGE "libtimer"
| #define VERSION "1.00"
| #define FC_FUNC(name,NAME) name ## _
| #define FC_FUNC_(name,NAME) name ## _
| #define HAVE_LIBRT 1
| #define STDC_HEADERS 1
| #define HAVE_SYS_TYPES_H 1
| #define HAVE_SYS_STAT_H 1
| #define HAVE_STDLIB_H 1
| #define HAVE_STRING_H 1
| #define HAVE_MEMORY_H 1
| #define HAVE_STRINGS_H 1
| #define HAVE_INTTYPES_H 1
| #define HAVE_STDINT_H 1
| #define HAVE_UNISTD_H 1
| #define HAVE_SYS_RESOURCE_H 1
| #define HAVE_UNISTD_H 1
| #define HAVE_TIME_H 1
| #define HAVE_SYS_TIME_H 1
| #define HAVE_SYS_TIMES_H 1
| /* end confdefs.h.  */
| #ifdef HAVE_SYS_TIMES_H
|                 #include <sys/times.h>
|                 #endif
| 
| 
| #include <linux/times.h>
configure:6046: result: no
configure:6061: checking for clock_t
configure:6107: gcc -c -g -O2  conftest.c >&5
configure:6114: $? = 0
configure:6159: gcc -c -g -O2  conftest.c >&5
conftest.c: In function 'main':
conftest.c:50:22: error: expected expression before ')' token
   50 | if (sizeof ((clock_t)))
      |                      ^
configure:6166: $? = 1
configure: failed program was:
| /* confdefs.h.  */
| #define PACKAGE_NAME "libtimer"
| #define PACKAGE_TARNAME "libtimer"
| #define PACKAGE_VERSION "1.00"
| #define PACKAGE_STRING "libtimer 1.00"
| #define PACKAGE_BUGREPORT "J.Yamamoto.Tech@gmail.com"
| #define PACKAGE "libtimer"
| #define VERSION "1.00"
| #define FC_FUNC(name,NAME) name ## _
| #define FC_FUNC_(name,NAME) name ## _
| #define HAVE_LIBRT 1
| #define STDC_HEADERS 1
| #define HAVE_SYS_TYPES_H 1
| #define HAVE_SYS_STAT_H 1
| #define HAVE_STDLIB_H 1
| #define HAVE_STRING_H 1
| #define HAVE_MEMORY_H 1
| #define HAVE_STRINGS_H 1
| #define HAVE_INTTYPES_H 1
| #define HAVE_STDINT_H 1
| #define HAVE_UNISTD_H 1
| #define HAVE_SYS_RESOURCE_H 1
| #define HAVE_UNISTD_H 1
| #define HAVE_TIME_H 1
| #define HAVE_SYS_TIME_H 1
| #define HAVE_SYS_TIMES_H 1
| /* end confdefs.h.  */
| #ifdef HAVE_TIME_H
|                 #include <time.h>
|                 #endif
|                 #ifdef HAVE_SYS_TIME_H
|                 #include <sys/time.h>
|                 #endif
|                 #ifdef HAVE_LINUX_TIME_H
|                 #include <linux/time.h>
|                 #endif
| 
| 
| #ifdef FC_DUMMY_MAIN
| #ifndef FC_DUMMY_MAIN_EQ_F77
| #  ifdef __cplusplus
|      extern "C"
| #  endif
|    int FC_DUMMY_MAIN() { return 1; }
| #endif
| #endif
| int
| main ()
| {
| if (sizeof ((clock_t)))
| 	  return 0;
|   ;
|   return 0;
| }
configure:6189: result: yes
configure:6201: checking for struct timespec.tv_nsec
configure:6259: gcc -c -g -O2  conftest.c >&5
configure:6266: $? = 0
configure:6354: result: yes
configure:6364: checking for struct tms.tms_utime
configure:6422: gcc -c -g -O2  conftest.c >&5
configure:6429: $? = 0
configure:6517: result: yes
configure:6527: checking for struct rusage.ru_utime
configure:6585: gcc -c -g -O2  conftest.c >&5
conftest.c: In function 'main':
conftest.c:66:5: error: used struct type value where scalar is required
   66 | if (ac_aggr.ru_utime)
      |     ^~~~~~~
configure:6592: $? = 1
configure: failed program was:
| /* confdefs.h.  */
| #define PACKAGE_NAME "libtimer"
| #define PACKAGE_TARNAME "libtimer"
| #define PACKAGE_VERSION "1.00"
| #define PACKAGE_STRING "libtimer 1.00"
| #define PACKAGE_BUGREPORT "J.Yamamoto.Tech@gmail.com"
| #define PACKAGE "libtimer"
| #define VERSION "1.00"
| #define FC_FUNC(name,NAME) name ## _
| #define FC_FUNC_(name,NAME) name ## _
| #define HAVE_LIBRT 1
| #define STDC_HEADERS 1
| #define HAVE_SYS_TYPES_H 1
| #define HAVE_SYS_STAT_H 1
| #define HAVE_STDLIB_H 1
| #define HAVE_STRING_H 1
| #define HAVE_MEMORY_H 1
| #define HAVE_STRINGS_H 1
| #define HAVE_INTTYPES_H 1
| #define HAVE_STDINT_H 1
| #define HAVE_UNISTD_H 1
| #define HAVE_SYS_RESOURCE_H 1
| #define HAVE_UNISTD_H 1
| #define HAVE_TIME_H 1
| #define HAVE_SYS_TIME_H 1
| #define HAVE_SYS_TIMES_H 1
| #define HAVE_CLOCK_T 1
| #define HAVE_STRUCT_TIMESPEC_TV_NSEC 1
| #define HAVE_STRUCT_TMS_TMS_UTIME 1
| /* end confdefs.h.  */
| #ifdef HAVE_UNISTD_H
|                 #include <unistd.h>
|                 #endif
|                 #ifdef HAVE_TIME_H
|                 #include <time.h>
|                 #endif
|                 #ifdef HAVE_SYS_TIME_H
|                 #include <sys/time.h>
|                 #endif
|                 #ifdef HAVE_LINUX_TIME_H
|                 #include <linux/time.h>
|                 #endif
|                 #ifdef HAVE_SYS_TIMES_H
|                 #include <sys/times.h>
|                 #endif
|                 #ifdef HAVE_LINUX_TIMES_H
|                 #include <linux/times.h>
|                 #endif
|                 #ifdef HAVE_SYS_RESOURCE_H
|                 #include <sys/resource.h>
|                 #endif
| 
| 
| #ifdef FC_DUMMY_MAIN
| #ifndef FC_DUMMY_MAIN_EQ_F77
| #  ifdef __cplusplus
|      extern "C"
| #  endif
|    int FC_DUMMY_MAIN() { return 1; }
| #endif
| #endif
| int
| main ()
| {
| static struct rusage ac_aggr;
| if (ac_aggr.ru_utime)
| return 0;
|   ;
|   return 0;
| }
configure:6655: gcc -c -g -O2  conftest.c >&5
configure:6662: $? = 0
configure:6680: result: yes
configure:6690: checking for struct timeval.tv_usec
configure:6748: gcc -c -g -O2  conftest.c >&5
configure:6755: $? = 0
configure:6843: result: yes
configure:6864: checking for clock
configure:6928: gcc -o conftest -g -O2   conftest.c -lrt  >&5
configure:6935: $? = 0
configure:6957: result: yes
configure:6864: checking for times
configure:6928: gcc -o conftest -g -O2   conftest.c -lrt  >&5
configure:6935: $? = 0
configure:6957: result: yes
configure:6864: checking for getrusage
configure:6928: gcc -o conftest -g -O2   conftest.c -lrt  >&5
configure:6935: $? = 0
configure:6957: result: yes
configure:6864: checking for gettimeofday
configure:6928: gcc -o conftest -g -O2   conftest.c -lrt  >&5
configure:6935: $? = 0
configure:6957: result: yes
configure:6864: checking for clock_gettime
configure:6928: gcc -o conftest -g -O2   conftest.c -lrt  >&5
configure:6935: $? = 0
configure:6957: result: yes
configure:7088: creating ./config.status

## ---------------------- ##
## Running config.status. ##
## ---------------------- ##

This file was extended by libtimer config.status 1.00, which was
generated by GNU Autoconf 2.63.  Invocation command line was

  CONFIG_FILES    = 
  CONFIG_HEADERS  = 
  CONFIG_LINKS    = 
  CONFIG_COMMANDS = 
  $ ./config.status 

on oai02-gnb

config.status:799: creating Makefile
config.status:799: creating src/Makefile
config.status:799: creating config.h
config.status:1073: executing depfiles commands

## ---------------- ##
## Cache variables. ##
## ---------------- ##

ac_cv_c_compiler_gnu=yes
ac_cv_env_CC_set=
ac_cv_env_CC_value=
ac_cv_env_CFLAGS_set=
ac_cv_env_CFLAGS_value=
ac_cv_env_CPPFLAGS_set=
ac_cv_env_CPPFLAGS_value=
ac_cv_env_CPP_set=
ac_cv_env_CPP_value=
ac_cv_env_FCFLAGS_set=
ac_cv_env_FCFLAGS_value=
ac_cv_env_FC_set=
ac_cv_env_FC_value=
ac_cv_env_LDFLAGS_set=
ac_cv_env_LDFLAGS_value=
ac_cv_env_LIBS_set=
ac_cv_env_LIBS_value=
ac_cv_env_build_alias_set=
ac_cv_env_build_alias_value=
ac_cv_env_host_alias_set=
ac_cv_env_host_alias_value=
ac_cv_env_target_alias_set=
ac_cv_env_target_alias_value=
ac_cv_fc_compiler_gnu=yes
ac_cv_fc_dummy_main=none
ac_cv_fc_libs=' -L/usr/lib/gcc/x86_64-linux-gnu/11 -L/usr/lib/gcc/x86_64-linux-gnu/11/../../../x86_64-linux-gnu -L/usr/lib/gcc/x86_64-linux-gnu/11/../../../../lib -L/lib/x86_64-linux-gnu -L/lib/../lib -L/usr/lib/x86_64-linux-gnu -L/usr/lib/../lib -L/usr/lib/gcc/x86_64-linux-gnu/11/../../.. -lgfortran -lm -lquadmath'
ac_cv_fc_mangling='lower case, underscore, no extra underscore'
ac_cv_fortran_dummy_main=none
ac_cv_func_clock=yes
ac_cv_func_clock_gettime=yes
ac_cv_func_getrusage=yes
ac_cv_func_gettimeofday=yes
ac_cv_func_times=yes
ac_cv_header_inttypes_h=yes
ac_cv_header_linux_time_h=no
ac_cv_header_linux_times_h=no
ac_cv_header_memory_h=yes
ac_cv_header_stdc=yes
ac_cv_header_stdint_h=yes
ac_cv_header_stdlib_h=yes
ac_cv_header_string_h=yes
ac_cv_header_strings_h=yes
ac_cv_header_sys_resource_h=yes
ac_cv_header_sys_stat_h=yes
ac_cv_header_sys_time_h=yes
ac_cv_header_sys_times_h=yes
ac_cv_header_sys_types_h=yes
ac_cv_header_time_h=yes
ac_cv_header_unistd_h=yes
ac_cv_lib_rt_timer_gettime=yes
ac_cv_member_struct_rusage_ru_utime=yes
ac_cv_member_struct_timespec_tv_nsec=yes
ac_cv_member_struct_timeval_tv_usec=yes
ac_cv_member_struct_tms_tms_utime=yes
ac_cv_objext=o
ac_cv_path_EGREP='/usr/bin/grep -E'
ac_cv_path_GREP=/usr/bin/grep
ac_cv_path_install='/usr/bin/install -c'
ac_cv_path_mkdir=/usr/bin/mkdir
ac_cv_prog_AWK=mawk
ac_cv_prog_CPP='gcc -E'
ac_cv_prog_ac_ct_CC=gcc
ac_cv_prog_ac_ct_FC=gfortran
ac_cv_prog_ac_ct_RANLIB=ranlib
ac_cv_prog_cc_c89=
ac_cv_prog_cc_g=yes
ac_cv_prog_fc_g=yes
ac_cv_prog_fc_v=-v
ac_cv_prog_make_make_set=yes
ac_cv_type_clock_t=yes
am_cv_CC_dependencies_compiler_type=gcc3

## ----------------- ##
## Output variables. ##
## ----------------- ##

ACLOCAL='${SHELL} /home/msakamoto/test/pointer/dgemm_jyam45/timer/libtimer-1.00/missing --run aclocal-1.11'
AMDEPBACKSLASH='\'
AMDEP_FALSE='#'
AMDEP_TRUE=''
AMTAR='${SHELL} /home/msakamoto/test/pointer/dgemm_jyam45/timer/libtimer-1.00/missing --run tar'
AUTOCONF='${SHELL} /home/msakamoto/test/pointer/dgemm_jyam45/timer/libtimer-1.00/missing --run autoconf'
AUTOHEADER='${SHELL} /home/msakamoto/test/pointer/dgemm_jyam45/timer/libtimer-1.00/missing --run autoheader'
AUTOMAKE='${SHELL} /home/msakamoto/test/pointer/dgemm_jyam45/timer/libtimer-1.00/missing --run automake-1.11'
AWK='mawk'
CC='gcc'
CCDEPMODE='depmode=gcc3'
CFLAGS='-g -O2'
CPP='gcc -E'
CPPFLAGS=''
CYGPATH_W='echo'
DEFS='-DHAVE_CONFIG_H'
DEPDIR='.deps'
ECHO_C=''
ECHO_N='-n'
ECHO_T=''
EGREP='/usr/bin/grep -E'
EXEEXT=''
FC='gfortran'
FCFLAGS='-g -O2'
FCLIBS=' -L/usr/lib/gcc/x86_64-linux-gnu/11 -L/usr/lib/gcc/x86_64-linux-gnu/11/../../../x86_64-linux-gnu -L/usr/lib/gcc/x86_64-linux-gnu/11/../../../../lib -L/lib/x86_64-linux-gnu -L/lib/../lib -L/usr/lib/x86_64-linux-gnu -L/usr/lib/../lib -L/usr/lib/gcc/x86_64-linux-gnu/11/../../.. -lgfortran -lm -lquadmath'
GREP='/usr/bin/grep'
INSTALL_DATA='${INSTALL} -m 644'
INSTALL_PROGRAM='${INSTALL}'
INSTALL_SCRIPT='${INSTALL}'
INSTALL_STRIP_PROGRAM='$(install_sh) -c -s'
LDFLAGS=''
LIBOBJS=''
LIBS='-lrt '
LTLIBOBJS=''
MAKEINFO='${SHELL} /home/msakamoto/test/pointer/dgemm_jyam45/timer/libtimer-1.00/missing --run makeinfo'
MKDIR_P='/usr/bin/mkdir -p'
OBJEXT='o'
PACKAGE='libtimer'
PACKAGE_BUGREPORT='J.Yamamoto.Tech@gmail.com'
PACKAGE_NAME='libtimer'
PACKAGE_STRING='libtimer 1.00'
PACKAGE_TARNAME='libtimer'
PACKAGE_VERSION='1.00'
PATH_SEPARATOR=':'
RANLIB='ranlib'
SET_MAKE=''
SHELL='/bin/bash'
STRIP=''
VERSION='1.00'
ac_ct_CC='gcc'
ac_ct_FC='gfortran'
am__EXEEXT_FALSE=''
am__EXEEXT_TRUE='#'
am__fastdepCC_FALSE='#'
am__fastdepCC_TRUE=''
am__include='include'
am__isrc=''
am__leading_dot='.'
am__quote=''
am__tar='${AMTAR} chof - "$$tardir"'
am__untar='${AMTAR} xf -'
bindir='${exec_prefix}/bin'
build_alias=''
datadir='${datarootdir}'
datarootdir='${prefix}/share'
docdir='${datarootdir}/doc/${PACKAGE_TARNAME}'
dvidir='${docdir}'
exec_prefix='${prefix}'
host_alias=''
htmldir='${docdir}'
includedir='${prefix}/include'
infodir='${datarootdir}/info'
install_sh='${SHELL} /home/msakamoto/test/pointer/dgemm_jyam45/timer/libtimer-1.00/install-sh'
libdir='${exec_prefix}/lib'
libexecdir='${exec_prefix}/libexec'
localedir='${datarootdir}/locale'
localstatedir='${prefix}/var'
mandir='${datarootdir}/man'
mkdir_p='/usr/bin/mkdir -p'
oldincludedir='/usr/include'
pdfdir='${docdir}'
prefix='/home/msakamoto/test/pointer/dgemm_jyam45/timer/..'
program_transform_name='s,x,x,'
psdir='${docdir}'
sbindir='${exec_prefix}/sbin'
sharedstatedir='${prefix}/com'
sysconfdir='${prefix}/etc'
target_alias=''

## ----------- ##
## confdefs.h. ##
## ----------- ##

#define PACKAGE_NAME "libtimer"
#define PACKAGE_TARNAME "libtimer"
#define PACKAGE_VERSION "1.00"
#define PACKAGE_STRING "libtimer 1.00"
#define PACKAGE_BUGREPORT "J.Yamamoto.Tech@gmail.com"
#define PACKAGE "libtimer"
#define VERSION "1.00"
#define FC_FUNC(name,NAME) name ## _
#define FC_FUNC_(name,NAME) name ## _
#define HAVE_LIBRT 1
#define STDC_HEADERS 1
#define HAVE_SYS_TYPES_H 1
#define HAVE_SYS_STAT_H 1
#define HAVE_STDLIB_H 1
#define HAVE_STRING_H 1
#define HAVE_MEMORY_H 1
#define HAVE_STRINGS_H 1
#define HAVE_INTTYPES_H 1
#define HAVE_STDINT_H 1
#define HAVE_UNISTD_H 1
#define HAVE_SYS_RESOURCE_H 1
#define HAVE_UNISTD_H 1
#define HAVE_TIME_H 1
#define HAVE_SYS_TIME_H 1
#define HAVE_SYS_TIMES_H 1
#define HAVE_CLOCK_T 1
#define HAVE_STRUCT_TIMESPEC_TV_NSEC 1
#define HAVE_STRUCT_TMS_TMS_UTIME 1
#define HAVE_STRUCT_RUSAGE_RU_UTIME 1
#define HAVE_STRUCT_TIMEVAL_TV_USEC 1
#define HAVE_CLOCK 1
#define HAVE_TIMES 1
#define HAVE_GETRUSAGE 1
#define HAVE_GETTIMEOFDAY 1
#define HAVE_CLOCK_GETTIME 1

configure: exit 0
