3 [3927025408] INFO perfrun.launcher <> - Launcher main begin
4 [3927025408] INFO perfrun.launcher <> - MessageCatalogInit finished
4 [3927025408] INFO perfrun.launcher <> - Launcher instance created
4 [3927025408] INFO perfrun.launcher <> - argc = 6; cmdline = /opt/intel/oneapi/vtune/2025.0/bin32/amplxe-runss -dump-vdso -r /home/msakamoto/test/pointer/r001ps --tmp-dir /tmp/amplxe-tmp-msakamoto 
17 [3927025408] INFO perfrun.launcher <> - create msngr2::ICliToolContext
17 [3927025408] INFO perfrun.launcher <> - create file finder object
18 [3926493888] INFO perfrun.launcher <> - plugin [remoteplug] was disabled because it doesn't support the given collection type.
18 [3926493888] INFO perfrun.launcher <> - plugin [] was disabled because it doesn't support the given collection type.
18 [3926493888] INFO perfrun.vdso <> - dumping [vdso] pseudomodule
18 [3926493888] INFO perfrun.launcher <> - plugin [] was disabled because it doesn't support the given collection type.
18 [3926493888] INFO perfrun.launcher <> - plugin [] was disabled because it doesn't support the given collection type.
18 [3926493888] INFO perfrun.launcher <> - plugin [] was disabled because it doesn't support the given collection type.
18 [3926493888] INFO perfrun.launcher <> - plugin [] was disabled because it doesn't support the given collection type.
18 [3926493888] INFO perfrun.launcher <> - plugin [] was disabled because it doesn't support the given collection type.
18 [3926493888] INFO perfrun.launcher <> - plugin [] was disabled because it doesn't support the given collection type.
18 [3926493888] INFO perfrun.launcher <> - plugin [] was disabled because it doesn't support the given collection type.
19 [3926493888] INFO perfrun.launcher <> - plugin [] was disabled because it doesn't support the given collection type.
19 [3926493888] INFO perfrun.launcher <> - plugin [] was disabled because it doesn't support the given collection type.
19 [3926493888] INFO perfrun.launcher <> - plugin [] was disabled because it doesn't support the given collection type.
19 [3926493888] INFO perfrun.launcher <> - plugin [] was disabled because it doesn't support the given collection type.
19 [3926493888] INFO perfrun.launcher <> - plugin [] was disabled because it doesn't support the given collection type.
19 [3926493888] INFO perfrun.launcher <> - plugin [] was disabled because it doesn't support the given collection type.
19 [3926493888] INFO perfrun.launcher <> - plugin [] was disabled because it doesn't support the given collection type.
19 [3926493888] INFO perfrun.launcher <> - plugin [] was disabled because it doesn't support the given collection type.
19 [3926493888] INFO perfrun.launcher <> - plugin [] was disabled because it doesn't support the given collection type.
19 [3926493888] INFO perfrun.launcher <> - plugin [] was disabled because it doesn't support the given collection type.
19 [3926493888] INFO perfrun.launcher <> - plugin [] was disabled because it doesn't support the given collection type.
19 [3926493888] INFO perfrun.launcher <> - plugin [] was disabled because it doesn't support the given collection type.
19 [3926493888] INFO perfrun.launcher <> - plugin [] was disabled because it doesn't support the given collection type.
19 [3926493888] INFO perfrun.launcher <> - plugin [] was disabled because it doesn't support the given collection type.
19 [3926493888] INFO perfrun.launcher <> - plugin [] was disabled because it doesn't support the given collection type.
19 [3926493888] INFO perfrun.launcher <> - plugin [] was disabled because it doesn't support the given collection type.
19 [3926493888] INFO perfrun.launcher <> - plugin [] was disabled because it doesn't support the given collection type.
19 [3927025408] INFO perfrun.launcher <> - Application exit code: 0
19 [3927025408] INFO perfrun.launcher <> - Exit code: 0
